{
  "RSpec": {
    "coverage": {
      "/Users/reillymiller/turing_work/mod2/relational_rails/music_festivals_project_mod2/config/environment.rb": {
        "lines": [
          null,
          1,
          null,
          null,
          1
        ]
      },
      "/Users/reillymiller/turing_work/mod2/relational_rails/music_festivals_project_mod2/config/application.rb": {
        "lines": [
          1,
          null,
          1,
          null,
          1,
          1,
          1,
          1,
          1,
          1,
          1,
          1,
          1,
          null,
          null,
          null,
          null,
          1,
          null,
          1,
          1,
          null,
          1,
          null,
          null,
          null,
          null,
          null,
          null,
          null,
          1,
          null,
          null
        ]
      },
      "/Users/reillymiller/turing_work/mod2/relational_rails/music_festivals_project_mod2/config/boot.rb": {
        "lines": [
          1,
          null,
          1,
          1
        ]
      },
      "/Users/reillymiller/turing_work/mod2/relational_rails/music_festivals_project_mod2/config/environments/test.rb": {
        "lines": [
          1,
          null,
          null,
          null,
          null,
          null,
          null,
          1,
          null,
          null,
          null,
          null,
          1,
          null,
          null,
          1,
          1,
          null,
          null,
          null,
          null,
          1,
          1,
          null,
          null,
          1,
          null,
          null,
          1,
          null,
          null,
          1,
          null,
          1,
          null,
          null,
          null,
          null,
          1,
          null,
          null,
          1,
          null,
          null,
          null,
          null
        ]
      },
      "/Users/reillymiller/turing_work/mod2/relational_rails/music_festivals_project_mod2/config/initializers/application_controller_renderer.rb": {
        "lines": [
          null,
          null,
          null,
          null,
          null,
          null,
          null,
          null
        ]
      },
      "/Users/reillymiller/turing_work/mod2/relational_rails/music_festivals_project_mod2/config/initializers/assets.rb": {
        "lines": [
          null,
          null,
          null,
          1,
          null,
          null,
          null,
          null,
          1,
          null,
          null,
          null,
          null,
          null
        ]
      },
      "/Users/reillymiller/turing_work/mod2/relational_rails/music_festivals_project_mod2/config/initializers/backtrace_silencers.rb": {
        "lines": [
          null,
          null,
          null,
          null,
          null,
          null,
          null
        ]
      },
      "/Users/reillymiller/turing_work/mod2/relational_rails/music_festivals_project_mod2/config/initializers/content_security_policy.rb": {
        "lines": [
          null,
          null,
          null,
          null,
          null,
          null,
          null,
          null,
          null,
          null,
          null,
          null,
          null,
          null,
          null,
          null,
          null,
          null,
          null,
          null,
          null,
          null,
          null,
          null,
          null
        ]
      },
      "/Users/reillymiller/turing_work/mod2/relational_rails/music_festivals_project_mod2/config/initializers/cookies_serializer.rb": {
        "lines": [
          null,
          null,
          null,
          null,
          1
        ]
      },
      "/Users/reillymiller/turing_work/mod2/relational_rails/music_festivals_project_mod2/config/initializers/filter_parameter_logging.rb": {
        "lines": [
          null,
          null,
          null,
          1
        ]
      },
      "/Users/reillymiller/turing_work/mod2/relational_rails/music_festivals_project_mod2/config/initializers/inflections.rb": {
        "lines": [
          null,
          null,
          null,
          null,
          null,
          null,
          null,
          null,
          null,
          null,
          null,
          null,
          null,
          null,
          null,
          null
        ]
      },
      "/Users/reillymiller/turing_work/mod2/relational_rails/music_festivals_project_mod2/config/initializers/mime_types.rb": {
        "lines": [
          null,
          null,
          null,
          null
        ]
      },
      "/Users/reillymiller/turing_work/mod2/relational_rails/music_festivals_project_mod2/config/initializers/wrap_parameters.rb": {
        "lines": [
          null,
          null,
          null,
          null,
          null,
          null,
          1,
          2,
          null,
          null,
          null,
          null,
          null,
          null
        ]
      },
      "/Users/reillymiller/turing_work/mod2/relational_rails/music_festivals_project_mod2/config/routes.rb": {
        "lines": [
          1,
          null,
          1,
          1,
          1,
          1,
          1,
          1,
          1,
          1,
          1,
          1,
          1,
          1,
          1,
          null
        ]
      },
      "/Users/reillymiller/turing_work/mod2/relational_rails/music_festivals_project_mod2/app/helpers/application_helper.rb": {
        "lines": [
          1,
          null
        ]
      },
      "/Users/reillymiller/turing_work/mod2/relational_rails/music_festivals_project_mod2/spec/features/artists/index_spec.rb": {
        "lines": [
          1,
          null,
          1,
          null,
          1,
          1,
          1,
          null,
          null,
          null,
          null,
          null,
          null,
          1,
          null,
          null,
          null,
          null,
          1,
          null,
          null,
          null,
          null,
          null,
          null,
          1,
          null,
          1,
          null,
          null,
          1,
          1,
          1,
          1,
          1,
          1,
          null,
          1,
          1,
          1,
          1,
          1,
          null,
          null,
          null,
          null,
          1,
          1,
          2,
          null,
          null,
          null,
          null,
          null,
          null,
          2,
          null,
          null,
          null,
          null,
          2,
          null,
          null,
          null,
          null,
          null,
          null,
          1,
          1,
          null,
          1,
          null,
          1,
          1,
          null,
          1,
          null,
          1,
          null,
          null,
          null,
          1,
          1,
          1,
          null,
          null,
          null,
          null,
          null,
          null,
          1,
          null,
          null,
          null,
          null,
          1,
          null,
          null,
          null,
          null,
          null,
          null,
          1,
          1,
          null,
          1,
          1,
          1,
          1,
          1,
          null,
          1,
          1,
          1,
          1,
          1,
          1,
          null,
          null,
          null,
          1,
          1,
          1,
          null,
          null,
          null,
          null,
          null,
          null,
          1,
          null,
          null,
          null,
          null,
          1,
          null,
          null,
          null,
          null,
          null,
          null,
          1,
          1,
          null,
          1,
          null,
          1,
          null,
          0,
          null,
          null,
          null
        ]
      },
      "/Users/reillymiller/turing_work/mod2/relational_rails/music_festivals_project_mod2/spec/features/artists/show_spec.rb": {
        "lines": [
          1,
          null,
          1,
          null,
          null,
          1,
          1,
          1,
          null,
          null,
          null,
          null,
          null,
          null,
          1,
          null,
          null,
          null,
          null,
          null,
          1,
          null,
          null,
          null,
          null,
          null,
          null,
          1,
          1,
          null,
          null,
          1,
          1,
          1,
          1,
          1,
          null,
          1,
          null,
          null,
          1,
          1,
          1,
          1,
          1,
          null,
          null,
          1,
          1,
          2,
          null,
          null,
          null,
          null,
          null,
          null,
          2,
          null,
          null,
          null,
          null,
          2,
          null,
          null,
          null,
          null,
          null,
          null,
          1,
          1,
          null,
          1,
          null,
          1,
          1,
          null,
          1,
          null,
          1,
          null,
          null,
          null,
          null
        ]
      },
      "/Users/reillymiller/turing_work/mod2/relational_rails/music_festivals_project_mod2/spec/features/festivals/artists/index_spec.rb": {
        "lines": [
          1,
          null,
          1,
          null,
          1,
          1,
          1,
          null,
          null,
          null,
          null,
          null,
          1,
          null,
          null,
          null,
          null,
          null,
          1,
          null,
          null,
          null,
          null,
          null,
          1,
          null,
          null,
          null,
          null,
          null,
          null,
          1,
          1,
          null,
          1,
          1,
          1,
          1,
          1,
          1,
          null,
          1,
          1,
          1,
          1,
          1,
          null,
          null,
          null,
          1,
          2,
          null,
          null,
          null,
          null,
          null,
          null,
          2,
          null,
          null,
          null,
          null,
          null,
          null,
          2,
          null,
          null,
          null,
          null,
          null,
          2,
          null,
          null,
          null,
          null,
          null,
          2,
          null,
          null,
          null,
          null,
          null,
          2,
          null,
          null,
          null,
          null,
          null,
          1,
          1,
          null,
          1,
          1,
          null,
          null,
          1,
          null,
          1,
          1,
          null,
          1,
          null,
          null,
          null,
          1,
          4,
          null,
          null,
          null,
          null,
          null,
          null,
          4,
          null,
          null,
          null,
          null,
          null,
          null,
          4,
          null,
          null,
          null,
          null,
          null,
          4,
          null,
          null,
          null,
          null,
          null,
          4,
          null,
          null,
          null,
          null,
          null,
          4,
          null,
          null,
          null,
          null,
          null,
          1,
          1,
          null,
          1,
          null,
          null,
          1,
          null,
          1,
          1,
          null,
          1,
          null,
          null,
          1,
          null,
          null,
          1,
          null,
          1,
          1,
          1,
          1,
          1,
          1,
          1,
          1,
          1,
          1,
          1,
          null,
          1,
          1,
          1,
          1,
          1,
          null,
          1,
          null,
          1,
          null,
          null,
          1,
          1,
          1,
          1,
          1,
          null,
          null,
          null,
          null,
          1,
          3,
          null,
          null,
          null,
          null,
          null,
          null,
          3,
          null,
          null,
          null,
          null,
          null,
          null,
          3,
          null,
          null,
          null,
          null,
          null,
          3,
          null,
          null,
          null,
          null,
          null,
          3,
          null,
          null,
          null,
          null,
          null,
          3,
          null,
          null,
          null,
          null,
          null,
          3,
          null,
          null,
          null,
          null,
          null,
          3,
          null,
          null,
          null,
          null,
          null,
          1,
          null,
          null,
          1,
          null,
          1,
          null,
          null,
          null,
          null,
          1,
          null,
          null,
          1,
          null,
          1,
          null,
          1,
          null,
          1,
          null,
          1,
          null,
          null,
          null
        ]
      },
      "/Users/reillymiller/turing_work/mod2/relational_rails/music_festivals_project_mod2/spec/features/festivals/edit_spec.rb": {
        "lines": [
          1,
          null,
          1,
          null,
          null,
          null,
          null,
          1,
          3,
          null,
          null,
          null,
          null,
          null,
          null,
          3,
          null,
          null,
          null,
          null,
          null,
          null,
          1,
          null,
          1,
          1,
          1,
          1,
          1,
          1,
          1,
          1,
          1,
          1,
          1,
          1,
          null,
          1,
          null,
          1,
          null,
          1,
          1,
          null,
          1,
          1,
          1,
          1,
          1,
          1,
          null,
          null,
          1,
          null,
          1,
          1,
          1,
          1,
          1,
          1,
          1,
          null,
          null,
          null
        ]
      },
      "/Users/reillymiller/turing_work/mod2/relational_rails/music_festivals_project_mod2/spec/features/festivals/index_spec.rb": {
        "lines": [
          1,
          null,
          1,
          null,
          1,
          null,
          2,
          null,
          null,
          null,
          null,
          null,
          2,
          null,
          null,
          null,
          null,
          null,
          1,
          null,
          1,
          null,
          1,
          1,
          1,
          null,
          null,
          null,
          null,
          1,
          null,
          3,
          null,
          null,
          null,
          null,
          null,
          null,
          3,
          null,
          null,
          null,
          null,
          null,
          null,
          3,
          null,
          null,
          null,
          null,
          null,
          null,
          1,
          1,
          1,
          null,
          1,
          1,
          null,
          null,
          1,
          1,
          null,
          null,
          1,
          1,
          1,
          null,
          null,
          null,
          1,
          2,
          null,
          null,
          null,
          null,
          null,
          null,
          2,
          null,
          null,
          null,
          null,
          null,
          null,
          2,
          null,
          null,
          null,
          null,
          null,
          2,
          null,
          null,
          null,
          null,
          null,
          2,
          null,
          null,
          null,
          null,
          null,
          2,
          null,
          null,
          null,
          null,
          null,
          1,
          1,
          null,
          null,
          1,
          null,
          null,
          null,
          null,
          1,
          2,
          null,
          null,
          null,
          null,
          null,
          null,
          2,
          null,
          null,
          null,
          null,
          null,
          null,
          2,
          null,
          null,
          null,
          null,
          null,
          2,
          null,
          null,
          null,
          null,
          null,
          2,
          null,
          null,
          null,
          null,
          null,
          2,
          null,
          null,
          null,
          null,
          null,
          1,
          1,
          1,
          null,
          1,
          null,
          1,
          null,
          1,
          null,
          1,
          null,
          1,
          null,
          1,
          null,
          1,
          null,
          1,
          null,
          1,
          null,
          1,
          null,
          1,
          null,
          1,
          null,
          1,
          null,
          1,
          null,
          null,
          null,
          null,
          1,
          2,
          null,
          null,
          null,
          null,
          null,
          null,
          2,
          null,
          null,
          null,
          null,
          null,
          null,
          2,
          null,
          null,
          null,
          null,
          null,
          2,
          null,
          null,
          null,
          null,
          null,
          2,
          null,
          null,
          null,
          null,
          null,
          2,
          null,
          null,
          null,
          null,
          null,
          1,
          1,
          null,
          1,
          null,
          1,
          null,
          1,
          null,
          1,
          null,
          1,
          null,
          1,
          null,
          1,
          null,
          1,
          null,
          1,
          null,
          1,
          null,
          1,
          null,
          1,
          null,
          1,
          null,
          1,
          null,
          null,
          null,
          1,
          2,
          null,
          null,
          null,
          null,
          null,
          null,
          2,
          null,
          null,
          null,
          null,
          null,
          2,
          null,
          null,
          null,
          null,
          null,
          1,
          null,
          1,
          null,
          1,
          null,
          1,
          null,
          null,
          null,
          1,
          2,
          null,
          null,
          null,
          null,
          null,
          null,
          2,
          null,
          null,
          null,
          null,
          null,
          null,
          null,
          1,
          1,
          1,
          1,
          null,
          null,
          null,
          1,
          null,
          2,
          null,
          null,
          null,
          null,
          null,
          null,
          2,
          null,
          null,
          null,
          null,
          null,
          null,
          null,
          1,
          1,
          1,
          null,
          1,
          null,
          0,
          0,
          0,
          0,
          0,
          0,
          0,
          0,
          0,
          0,
          0,
          0,
          null,
          0,
          null,
          0,
          null,
          null,
          null,
          null,
          null
        ]
      },
      "/Users/reillymiller/turing_work/mod2/relational_rails/music_festivals_project_mod2/spec/features/festivals/new_spec.rb": {
        "lines": [
          1,
          null,
          1,
          1,
          2,
          null,
          null,
          1,
          1,
          null,
          null,
          1,
          1,
          1,
          1,
          1,
          1,
          1,
          1,
          1,
          1,
          1,
          null,
          null,
          1,
          null,
          null,
          null,
          null,
          null,
          1,
          1,
          1,
          1,
          1,
          1,
          null,
          1,
          null,
          1,
          1,
          null,
          null,
          null
        ]
      },
      "/Users/reillymiller/turing_work/mod2/relational_rails/music_festivals_project_mod2/spec/features/festivals/show_spec.rb": {
        "lines": [
          1,
          null,
          1,
          1,
          null,
          2,
          null,
          null,
          null,
          null,
          null,
          2,
          null,
          null,
          null,
          null,
          null,
          null,
          1,
          null,
          1,
          null,
          null,
          1,
          1,
          1,
          1,
          1,
          1,
          null,
          1,
          null,
          null,
          1,
          1,
          1,
          1,
          1,
          1,
          null,
          null,
          null,
          null,
          1,
          2,
          null,
          null,
          null,
          null,
          null,
          null,
          2,
          null,
          null,
          null,
          null,
          null,
          null,
          2,
          null,
          null,
          null,
          null,
          null,
          2,
          null,
          null,
          null,
          null,
          null,
          2,
          null,
          null,
          null,
          null,
          null,
          2,
          null,
          null,
          null,
          null,
          null,
          1,
          1,
          null,
          null,
          1,
          null,
          null,
          null
        ]
      },
      "/Users/reillymiller/turing_work/mod2/relational_rails/music_festivals_project_mod2/spec/models/artist_spec.rb": {
        "lines": [
          1,
          null,
          1,
          1,
          2,
          null,
          null,
          1,
          1,
          1,
          1,
          null,
          null,
          null,
          null,
          null,
          null,
          1,
          null,
          null,
          null,
          null,
          1,
          null,
          null,
          null,
          null,
          null,
          null,
          1,
          null,
          1,
          null,
          null,
          null,
          null
        ]
      },
      "/Users/reillymiller/turing_work/mod2/relational_rails/music_festivals_project_mod2/app/models/artist.rb": {
        "lines": [
          1,
          1,
          null,
          1,
          null,
          null,
          21,
          null,
          null,
          null,
          null,
          null
        ]
      },
      "/Users/reillymiller/turing_work/mod2/relational_rails/music_festivals_project_mod2/app/models/application_record.rb": {
        "lines": [
          1,
          1,
          null
        ]
      },
      "/Users/reillymiller/turing_work/mod2/relational_rails/music_festivals_project_mod2/spec/models/festival_spec.rb": {
        "lines": [
          1,
          null,
          1,
          1,
          2,
          null,
          null,
          null,
          null,
          null,
          null,
          null,
          1,
          2,
          2,
          null,
          null,
          null,
          null,
          null,
          null,
          2,
          null,
          null,
          null,
          null,
          null,
          null,
          2,
          null,
          null,
          null,
          null,
          null,
          null,
          1,
          null,
          1,
          null,
          null,
          null,
          1,
          2,
          null,
          null,
          null,
          null,
          null,
          null,
          2,
          null,
          null,
          null,
          null,
          null,
          null,
          2,
          null,
          null,
          null,
          null,
          null,
          2,
          null,
          null,
          null,
          null,
          null,
          2,
          null,
          null,
          null,
          null,
          null,
          2,
          null,
          null,
          null,
          null,
          null,
          1,
          1,
          1,
          null,
          null,
          null
        ]
      },
      "/Users/reillymiller/turing_work/mod2/relational_rails/music_festivals_project_mod2/app/models/festival.rb": {
        "lines": [
          1,
          1,
          1,
          14,
          null,
          null,
          1,
          15,
          null,
          null
        ]
      },
      "/Users/reillymiller/turing_work/mod2/relational_rails/music_festivals_project_mod2/app/controllers/artists_controller.rb": {
        "lines": [
          1,
          1,
          null,
          10,
          null,
          null,
          null,
          1,
          null,
          9,
          null,
          null,
          1,
          4,
          null,
          1,
          1,
          null,
          1,
          null,
          null,
          null,
          null,
          null,
          null,
          1,
          null,
          1,
          null,
          null,
          null
        ]
      },
      "/Users/reillymiller/turing_work/mod2/relational_rails/music_festivals_project_mod2/app/controllers/application_controller.rb": {
        "lines": [
          1,
          null
        ]
      },
      "/Users/reillymiller/turing_work/mod2/relational_rails/music_festivals_project_mod2/app/controllers/festival_artists_controller.rb": {
        "lines": [
          1,
          null,
          1,
          11,
          null,
          11,
          1,
          null,
          10,
          null,
          null,
          null,
          null,
          1,
          2,
          null,
          null,
          null,
          1,
          1,
          1,
          null,
          null,
          null,
          null,
          null,
          null,
          null,
          1,
          null,
          1,
          null,
          null
        ]
      },
      "/Users/reillymiller/turing_work/mod2/relational_rails/music_festivals_project_mod2/app/controllers/festivals_controller.rb": {
        "lines": [
          1,
          1,
          13,
          null,
          null,
          1,
          11,
          11,
          null,
          null,
          1,
          null,
          null,
          null,
          1,
          null,
          1,
          null,
          null,
          null,
          null,
          null,
          null,
          null,
          null,
          1,
          null,
          1,
          null,
          null,
          1,
          3,
          null,
          null,
          1,
          2,
          null,
          2,
          null,
          null,
          null,
          null,
          null,
          null,
          null,
          2,
          2,
          null,
          null,
          null,
          null
        ]
      }
    },
    "timestamp": 1680048155
  }
}
